<?xml version="1.0" encoding="UTF-8"?>
<testng-results skipped="0" failed="1" total="3" passed="2">
  <reporter-output>
  </reporter-output>
  <suite name="Suite" duration-ms="28919" started-at="2017-12-08T09:25:22Z" finished-at="2017-12-08T09:25:50Z">
    <groups>
    </groups>
    <test name="Test" duration-ms="28919" started-at="2017-12-08T09:25:22Z" finished-at="2017-12-08T09:25:50Z">
      <class name="Scripts.Scenario_Login">
        <test-method status="PASS" signature="initializeReport()[pri:0, instance:Scripts.Scenario_Login@174b225]" name="initializeReport" is-config="true" duration-ms="220" started-at="2017-12-08T14:55:21Z" finished-at="2017-12-08T14:55:22Z">
          <reporter-output>
          </reporter-output>
        </test-method> <!-- initializeReport -->
        <test-method status="PASS" signature="launchApp()[pri:0, instance:Scripts.Scenario_Login@174b225]" name="launchApp" is-config="true" duration-ms="7606" started-at="2017-12-08T14:55:22Z" finished-at="2017-12-08T14:55:30Z">
          <reporter-output>
          </reporter-output>
        </test-method> <!-- launchApp -->
        <test-method status="PASS" signature="Login_invalidLogin(java.util.Map)[pri:0, instance:Scripts.Scenario_Login@174b225]" name="Login_invalidLogin" duration-ms="2949" started-at="2017-12-08T14:55:30Z" data-provider="dp" finished-at="2017-12-08T14:55:33Z">
          <params>
            <param index="0">
              <value>
                <![CDATA[{Order=1.0, TC_ID=GB_01, Execute=y, uname=ksjdf, Ascript=invalidLogin, Env=qa, pwd=alsdl, exp_msg=Sorry we were unable to complete this step because :}]]>
              </value>
            </param>
          </params>
          <reporter-output>
          </reporter-output>
        </test-method> <!-- Login_invalidLogin -->
        <test-method status="PASS" signature="tearDown()[pri:0, instance:Scripts.Scenario_Login@174b225]" name="tearDown" is-config="true" duration-ms="595" started-at="2017-12-08T14:55:33Z" finished-at="2017-12-08T14:55:33Z">
          <reporter-output>
          </reporter-output>
        </test-method> <!-- tearDown -->
        <test-method status="PASS" signature="launchApp()[pri:0, instance:Scripts.Scenario_Login@174b225]" name="launchApp" is-config="true" duration-ms="6716" started-at="2017-12-08T14:55:33Z" finished-at="2017-12-08T14:55:40Z">
          <reporter-output>
          </reporter-output>
        </test-method> <!-- launchApp -->
        <test-method status="PASS" signature="Login_invalidLogin(java.util.Map)[pri:0, instance:Scripts.Scenario_Login@174b225]" name="Login_invalidLogin" duration-ms="1723" started-at="2017-12-08T14:55:40Z" data-provider="dp" finished-at="2017-12-08T14:55:42Z">
          <params>
            <param index="0">
              <value>
                <![CDATA[{Order=1.0, TC_ID=GB_06, Execute=y, uname=, Ascript=invalidLogin, Env=qa, pwd=, exp_msg=Sorry we were unable to complete this step because :}]]>
              </value>
            </param>
          </params>
          <reporter-output>
          </reporter-output>
        </test-method> <!-- Login_invalidLogin -->
        <test-method status="PASS" signature="tearDown()[pri:0, instance:Scripts.Scenario_Login@174b225]" name="tearDown" is-config="true" duration-ms="361" started-at="2017-12-08T14:55:42Z" finished-at="2017-12-08T14:55:42Z">
          <reporter-output>
          </reporter-output>
        </test-method> <!-- tearDown -->
        <test-method status="PASS" signature="launchApp()[pri:0, instance:Scripts.Scenario_Login@174b225]" name="launchApp" is-config="true" duration-ms="5516" started-at="2017-12-08T14:55:42Z" finished-at="2017-12-08T14:55:48Z">
          <reporter-output>
          </reporter-output>
        </test-method> <!-- launchApp -->
        <test-method status="FAIL" signature="Login_validLogin(java.util.Map)[pri:0, instance:Scripts.Scenario_Login@174b225]" name="Login_validLogin" duration-ms="2357" started-at="2017-12-08T14:55:48Z" data-provider="dp" finished-at="2017-12-08T14:55:50Z">
          <params>
            <param index="0">
              <value>
                <![CDATA[{Order=2.0, TC_ID=GB_07, Execute=y, uname=raj@gmail.com, Ascript=validLogin, Env=dev, pwd=learn123, exp_msg=Hi raj}]]>
              </value>
            </param>
          </params>
          <exception class="org.openqa.selenium.NoSuchElementException">
            <message>
              <![CDATA[Unable to locate element: {"method":"id","selector":"username"}
Command duration or timeout: 16 milliseconds
For documentation on this error, please visit: http://seleniumhq.org/exceptions/no_such_element.html
Build info: version: '2.53.0', revision: '35ae25b1534ae328c771e0856c93e187490ca824', time: '2016-03-15 10:43:46'
System info: host: 'DELL-PC', ip: '192.168.0.100', os.name: 'Windows 7', os.arch: 'x86', os.version: '6.1', java.version: '1.8.0_101'
Driver info: org.openqa.selenium.firefox.FirefoxDriver
Capabilities [{applicationCacheEnabled=true, rotatable=false, handlesAlerts=true, databaseEnabled=true, version=43.0.1, platform=WINDOWS, nativeEvents=false, acceptSslCerts=true, webStorageEnabled=true, locationContextEnabled=true, browserName=firefox, takesScreenshot=true, javascriptEnabled=true, cssSelectorsEnabled=true}]
Session ID: 1ac99ec6-0a29-43dd-a071-b6c72abf6df8
*** Element info: {Using=id, value=username}]]>
            </message>
            <full-stacktrace>
              <![CDATA[org.openqa.selenium.NoSuchElementException: Unable to locate element: {"method":"id","selector":"username"}
Command duration or timeout: 16 milliseconds
For documentation on this error, please visit: http://seleniumhq.org/exceptions/no_such_element.html
Build info: version: '2.53.0', revision: '35ae25b1534ae328c771e0856c93e187490ca824', time: '2016-03-15 10:43:46'
System info: host: 'DELL-PC', ip: '192.168.0.100', os.name: 'Windows 7', os.arch: 'x86', os.version: '6.1', java.version: '1.8.0_101'
Driver info: org.openqa.selenium.firefox.FirefoxDriver
Capabilities [{applicationCacheEnabled=true, rotatable=false, handlesAlerts=true, databaseEnabled=true, version=43.0.1, platform=WINDOWS, nativeEvents=false, acceptSslCerts=true, webStorageEnabled=true, locationContextEnabled=true, browserName=firefox, takesScreenshot=true, javascriptEnabled=true, cssSelectorsEnabled=true}]
Session ID: 1ac99ec6-0a29-43dd-a071-b6c72abf6df8
*** Element info: {Using=id, value=username}
	at sun.reflect.NativeConstructorAccessorImpl.newInstance0(Native Method)
	at sun.reflect.NativeConstructorAccessorImpl.newInstance(NativeConstructorAccessorImpl.java:62)
	at sun.reflect.DelegatingConstructorAccessorImpl.newInstance(DelegatingConstructorAccessorImpl.java:45)
	at java.lang.reflect.Constructor.newInstance(Constructor.java:423)
	at org.openqa.selenium.remote.ErrorHandler.createThrowable(ErrorHandler.java:206)
	at org.openqa.selenium.remote.ErrorHandler.throwIfResponseFailed(ErrorHandler.java:158)
	at org.openqa.selenium.remote.RemoteWebDriver.execute(RemoteWebDriver.java:678)
	at org.openqa.selenium.remote.RemoteWebDriver.findElement(RemoteWebDriver.java:363)
	at org.openqa.selenium.remote.RemoteWebDriver.findElementById(RemoteWebDriver.java:413)
	at org.openqa.selenium.By$ById.findElement(By.java:218)
	at org.openqa.selenium.remote.RemoteWebDriver.findElement(RemoteWebDriver.java:355)
	at org.openqa.selenium.support.pagefactory.DefaultElementLocator.findElement(DefaultElementLocator.java:69)
	at org.openqa.selenium.support.pagefactory.internal.LocatingElementHandler.invoke(LocatingElementHandler.java:38)
	at com.sun.proxy.$Proxy8.getText(Unknown Source)
	at genericLibrary.keywords.getText(Unknown Source)
	at Scripts.Scenario_Login.Login_validLogin(Unknown Source)
	at sun.reflect.NativeMethodAccessorImpl.invoke0(Native Method)
	at sun.reflect.NativeMethodAccessorImpl.invoke(NativeMethodAccessorImpl.java:62)
	at sun.reflect.DelegatingMethodAccessorImpl.invoke(DelegatingMethodAccessorImpl.java:43)
	at java.lang.reflect.Method.invoke(Method.java:498)
	at org.testng.internal.MethodInvocationHelper.invokeMethod(MethodInvocationHelper.java:85)
	at org.testng.internal.Invoker.invokeMethod(Invoker.java:639)
	at org.testng.internal.Invoker.invokeTestMethod(Invoker.java:816)
	at org.testng.internal.Invoker.invokeTestMethods(Invoker.java:1124)
	at org.testng.internal.TestMethodWorker.invokeTestMethods(TestMethodWorker.java:125)
	at org.testng.internal.TestMethodWorker.run(TestMethodWorker.java:108)
	at org.testng.TestRunner.privateRun(TestRunner.java:774)
	at org.testng.TestRunner.run(TestRunner.java:624)
	at org.testng.SuiteRunner.runTest(SuiteRunner.java:359)
	at org.testng.SuiteRunner.runSequentially(SuiteRunner.java:354)
	at org.testng.SuiteRunner.privateRun(SuiteRunner.java:312)
	at org.testng.SuiteRunner.run(SuiteRunner.java:261)
	at org.testng.SuiteRunnerWorker.runSuite(SuiteRunnerWorker.java:52)
	at org.testng.SuiteRunnerWorker.run(SuiteRunnerWorker.java:86)
	at org.testng.TestNG.runSuitesSequentially(TestNG.java:1215)
	at org.testng.TestNG.runSuitesLocally(TestNG.java:1140)
	at org.testng.TestNG.run(TestNG.java:1048)
	at org.testng.TestNG.privateMain(TestNG.java:1355)
	at org.testng.TestNG.main(TestNG.java:1324)
Caused by: org.openqa.selenium.NoSuchElementException: Unable to locate element: {"method":"id","selector":"username"}
For documentation on this error, please visit: http://seleniumhq.org/exceptions/no_such_element.html
Build info: version: '2.53.0', revision: '35ae25b1534ae328c771e0856c93e187490ca824', time: '2016-03-15 10:43:46'
System info: host: 'DELL-PC', ip: '192.168.0.100', os.name: 'Windows 7', os.arch: 'x86', os.version: '6.1', java.version: '1.8.0_101'
Driver info: driver.version: unknown
	at <anonymous class>.FirefoxDriver.prototype.findElementInternal_(file:///C:/Users/DELL/AppData/Local/Temp/anonymous8153647757547079489webdriver-profile/extensions/fxdriver@googlecode.com/components/driver-component.js:10770)
	at <anonymous class>.FirefoxDriver.prototype.findElement(file:///C:/Users/DELL/AppData/Local/Temp/anonymous8153647757547079489webdriver-profile/extensions/fxdriver@googlecode.com/components/driver-component.js:10779)
	at <anonymous class>.DelayedCommand.prototype.executeInternal_/h(file:///C:/Users/DELL/AppData/Local/Temp/anonymous8153647757547079489webdriver-profile/extensions/fxdriver@googlecode.com/components/command-processor.js:12661)
	at <anonymous class>.DelayedCommand.prototype.executeInternal_(file:///C:/Users/DELL/AppData/Local/Temp/anonymous8153647757547079489webdriver-profile/extensions/fxdriver@googlecode.com/components/command-processor.js:12666)
	at <anonymous class>.DelayedCommand.prototype.execute/<(file:///C:/Users/DELL/AppData/Local/Temp/anonymous8153647757547079489webdriver-profile/extensions/fxdriver@googlecode.com/components/command-processor.js:12608)
]]>
            </full-stacktrace>
          </exception> <!-- org.openqa.selenium.NoSuchElementException -->
          <reporter-output>
          </reporter-output>
        </test-method> <!-- Login_validLogin -->
        <test-method status="PASS" signature="tearDown()[pri:0, instance:Scripts.Scenario_Login@174b225]" name="tearDown" is-config="true" duration-ms="385" started-at="2017-12-08T14:55:50Z" finished-at="2017-12-08T14:55:50Z">
          <reporter-output>
          </reporter-output>
        </test-method> <!-- tearDown -->
      </class> <!-- Scripts.Scenario_Login -->
    </test> <!-- Test -->
  </suite> <!-- Suite -->
</testng-results>
